------------------------------------------------------------------------------
                           GCC Code Coverage Report
Directory: /home/svetlana/Documents/Projects/system_programming_tasks/geom_vector/build
------------------------------------------------------------------------------
File                                       Lines    Exec  Cover   Missing
------------------------------------------------------------------------------
../src/geom_vector/main.cc                     1       0     0%   1
../src/geom_vector/rotation.h                 34      34   100%   
../src/tests/rotation_test.cc                 16      16   100%   
------------------------------------------------------------------------------
TOTAL                                         51      50    98%
------------------------------------------------------------------------------
